[debug] [2024-02-13T02:27:56.085Z] ----------------------------------------------------------------------
[debug] [2024-02-13T02:27:56.089Z] Command:       C:\Program Files\nodejs\node.exe C:\Users\hiwot\AppData\Roaming\npm\node_modules\firebase-tools\lib\bin\firebase.js emulators:start --only functions
[debug] [2024-02-13T02:27:56.089Z] CLI Version:   13.2.1
[debug] [2024-02-13T02:27:56.090Z] Platform:      win32
[debug] [2024-02-13T02:27:56.090Z] Node Version:  v20.10.0
[debug] [2024-02-13T02:27:56.090Z] Time:          Mon Feb 12 2024 21:27:56 GMT-0500 (Eastern Standard Time)
[debug] [2024-02-13T02:27:56.090Z] ----------------------------------------------------------------------
[debug] 
[debug] [2024-02-13T02:27:56.161Z] > command requires scopes: ["email","openid","https://www.googleapis.com/auth/cloudplatformprojects.readonly","https://www.googleapis.com/auth/firebase","https://www.googleapis.com/auth/cloud-platform"]
[debug] [2024-02-13T02:27:56.161Z] > authorizing via signed-in user (hiwotzebene2013@gmail.com)
[info] i  emulators: Starting emulators: functions {"metadata":{"emulator":{"name":"hub"},"message":"Starting emulators: functions"}}
[debug] [2024-02-13T02:27:56.169Z] [logging] Logging Emulator only supports listening on one address (127.0.0.1). Not listening on ::1
[debug] [2024-02-13T02:27:56.169Z] assigned listening specs for emulators {"user":{"hub":[{"address":"127.0.0.1","family":"IPv4","port":4400},{"address":"::1","family":"IPv6","port":4400}],"ui":[{"address":"127.0.0.1","family":"IPv4","port":4000},{"address":"::1","family":"IPv6","port":4000}],"logging":[{"address":"127.0.0.1","family":"IPv4","port":4500}]},"metadata":{"message":"assigned listening specs for emulators"}}
[debug] [2024-02-13T02:27:56.174Z] [hub] writing locator at C:\Users\hiwot\AppData\Local\Temp\hub-clone-23786.json
[debug] [2024-02-13T02:27:56.191Z] [functions] Functions Emulator only supports listening on one address (127.0.0.1). Not listening on ::1
[debug] [2024-02-13T02:27:56.192Z] [eventarc] Eventarc Emulator only supports listening on one address (127.0.0.1). Not listening on ::1
[debug] [2024-02-13T02:27:56.195Z] late-assigned ports for functions and eventarc emulators {"user":{"hub":[{"address":"127.0.0.1","family":"IPv4","port":4400},{"address":"::1","family":"IPv6","port":4400}],"ui":[{"address":"127.0.0.1","family":"IPv4","port":4000},{"address":"::1","family":"IPv6","port":4000}],"logging":[{"address":"127.0.0.1","family":"IPv4","port":4500}],"functions":[{"address":"127.0.0.1","family":"IPv4","port":5001}],"eventarc":[{"address":"127.0.0.1","family":"IPv4","port":9299}]},"metadata":{"message":"late-assigned ports for functions and eventarc emulators"}}
[warn] !  functions: The following emulators are not running, calls to these services from the Functions emulator will affect production: auth, firestore, database, hosting, pubsub, storage {"metadata":{"emulator":{"name":"functions"},"message":"The following emulators are not running, calls to these services from the Functions emulator will affect production: \u001b[1mauth, firestore, database, hosting, pubsub, storage\u001b[22m"}}
[debug] [2024-02-13T02:27:56.201Z] defaultcredentials: writing to file C:\Users\hiwot\AppData\Roaming\firebase\hiwotzebene2013_gmail_com_application_default_credentials.json
[debug] [2024-02-13T02:27:56.207Z] Setting GAC to C:\Users\hiwot\AppData\Roaming\firebase\hiwotzebene2013_gmail_com_application_default_credentials.json {"metadata":{"emulator":{"name":"functions"},"message":"Setting GAC to C:\\Users\\hiwot\\AppData\\Roaming\\firebase\\hiwotzebene2013_gmail_com_application_default_credentials.json"}}
[debug] [2024-02-13T02:27:56.208Z] > refreshing access token with scopes: []
[debug] [2024-02-13T02:27:56.209Z] >>> [apiv2][query] POST https://www.googleapis.com/oauth2/v3/token [none]
[debug] [2024-02-13T02:27:56.209Z] >>> [apiv2][body] POST https://www.googleapis.com/oauth2/v3/token [omitted]
[debug] [2024-02-13T02:27:56.444Z] <<< [apiv2][status] POST https://www.googleapis.com/oauth2/v3/token 200
[debug] [2024-02-13T02:27:56.444Z] <<< [apiv2][body] POST https://www.googleapis.com/oauth2/v3/token [omitted]
[debug] [2024-02-13T02:27:56.456Z] >>> [apiv2][query] GET https://firebase.googleapis.com/v1beta1/projects/clone-23786/adminSdkConfig [none]
[debug] [2024-02-13T02:27:56.863Z] <<< [apiv2][status] GET https://firebase.googleapis.com/v1beta1/projects/clone-23786/adminSdkConfig 200
[debug] [2024-02-13T02:27:56.864Z] <<< [apiv2][body] GET https://firebase.googleapis.com/v1beta1/projects/clone-23786/adminSdkConfig {"projectId":"clone-23786","storageBucket":"clone-23786.appspot.com"}
[debug] [2024-02-13T02:27:56.881Z] Ignoring unsupported arg: auto_download {"metadata":{"emulator":{"name":"ui"},"message":"Ignoring unsupported arg: auto_download"}}
[debug] [2024-02-13T02:27:56.882Z] Ignoring unsupported arg: port {"metadata":{"emulator":{"name":"ui"},"message":"Ignoring unsupported arg: port"}}
[debug] [2024-02-13T02:27:56.882Z] Starting Emulator UI with command {"binary":"node","args":["C:\\Users\\hiwot\\.cache\\firebase\\emulators\\ui-v1.11.7\\server\\server.js"],"optionalArgs":[],"joinArgs":false} {"metadata":{"emulator":{"name":"ui"},"message":"Starting Emulator UI with command {\"binary\":\"node\",\"args\":[\"C:\\\\Users\\\\hiwot\\\\.cache\\\\firebase\\\\emulators\\\\ui-v1.11.7\\\\server\\\\server.js\"],\"optionalArgs\":[],\"joinArgs\":false}"}}
[info] i  ui: Emulator UI logging to ui-debug.log {"metadata":{"emulator":{"name":"ui"},"message":"Emulator UI logging to \u001b[1mui-debug.log\u001b[22m"}}
[debug] [2024-02-13T02:27:56.976Z] Web / API server started at 127.0.0.1:4000
 {"metadata":{"emulator":{"name":"ui"},"message":"Web / API server started at 127.0.0.1:4000\n"}}
[debug] [2024-02-13T02:27:56.976Z] Web / API server started at ::1:4000
 {"metadata":{"emulator":{"name":"ui"},"message":"Web / API server started at ::1:4000\n"}}
[info] i  functions: Watching "C:\Users\hiwot\OneDrive\Desktop\Evangadi\Phase-4\Amazon-Clone-2024\amazon-clone\functions" for Cloud Functions... {"metadata":{"emulator":{"name":"functions"},"message":"Watching \"C:\\Users\\hiwot\\OneDrive\\Desktop\\Evangadi\\Phase-4\\Amazon-Clone-2024\\amazon-clone\\functions\" for Cloud Functions..."}}
[debug] [2024-02-13T02:27:57.168Z] Validating nodejs source
[debug] [2024-02-13T02:27:58.111Z] > [functions] package.json contents: {
  "name": "functions",
  "description": "Cloud Functions for Firebase",
  "scripts": {
    "serve": "firebase emulators:start --only functions",
    "shell": "firebase functions:shell",
    "start": "npm run shell",
    "deploy": "firebase deploy --only functions",
    "logs": "firebase functions:log"
  },
  "engines": {
    "node": "18"
  },
  "main": "index.js",
  "dependencies": {
    "cors": "^2.8.5",
    "dotenv": "^16.4.2",
    "express": "^4.18.2",
    "firebase-admin": "^11.8.0",
    "firebase-functions": "^4.3.1",
    "stripe": "^14.16.0"
  },
  "devDependencies": {
    "firebase-functions-test": "^3.1.0"
  },
  "private": true
}
[debug] [2024-02-13T02:27:58.111Z] Building nodejs source
[debug] [2024-02-13T02:27:58.112Z] Failed to find version of module node: reached end of search path C:\Users\hiwot\OneDrive\Desktop\Evangadi\Phase-4\Amazon-Clone-2024\amazon-clone\functions\node_modules
[warn] !  functions: Your requested "node" version "18" doesn't match your global version "20". Using node@20 from host. 
[info] i  functions: Loaded environment variables from .env. 
[debug] [2024-02-13T02:27:58.115Z] Could not find functions.yaml. Must use http discovery
[debug] [2024-02-13T02:27:58.119Z] Found firebase-functions binary at 'C:\Users\hiwot\OneDrive\Desktop\Evangadi\Phase-4\Amazon-Clone-2024\amazon-clone\functions\node_modules\.bin\firebase-functions'
[info] Serving at port 8185

[debug] [2024-02-13T02:27:58.460Z] Got response from /__/functions.yaml {"endpoints":{"api":{"availableMemoryMb":null,"timeoutSeconds":null,"minInstances":null,"maxInstances":null,"ingressSettings":null,"concurrency":null,"serviceAccountEmail":null,"vpc":null,"platform":"gcfv2","labels":{},"httpsTrigger":{},"entryPoint":"api"}},"specVersion":"v1alpha1","requiredAPIs":[]}
[info] +  functions: Loaded functions definitions from source: api. {"metadata":{"emulator":{"name":"functions"},"message":"Loaded functions definitions from source: api."}}
[info] +  functions[us-central1-api]: http function initialized (http://127.0.0.1:5001/clone-23786/us-central1/api). {"metadata":{"emulator":{"name":"functions"},"message":"\u001b[1mhttp\u001b[22m function initialized (http://127.0.0.1:5001/clone-23786/us-central1/api)."}}
[info] 
┌─────────────────────────────────────────────────────────────┐
│ ✔  All emulators ready! It is now safe to connect your app. │
│ i  View Emulator UI at http://127.0.0.1:4000/               │
└─────────────────────────────────────────────────────────────┘

┌───────────┬────────────────┬─────────────────────────────────┐
│ Emulator  │ Host:Port      │ View in Emulator UI             │
├───────────┼────────────────┼─────────────────────────────────┤
│ Functions │ 127.0.0.1:5001 │ http://127.0.0.1:4000/functions │
└───────────┴────────────────┴─────────────────────────────────┘
  Emulator Hub running at 127.0.0.1:4400
  Other reserved ports: 4500

Issues? Report them at https://github.com/firebase/firebase-tools/issues and attach the *-debug.log files.
 
[debug] [2024-02-13T02:34:08.412Z] File C:\Users\hiwot\OneDrive\Desktop\Evangadi\Phase-4\Amazon-Clone-2024\amazon-clone\functions\index.js changed, reloading triggers {"metadata":{"emulator":{"name":"functions"},"message":"File C:\\Users\\hiwot\\OneDrive\\Desktop\\Evangadi\\Phase-4\\Amazon-Clone-2024\\amazon-clone\\functions\\index.js changed, reloading triggers"}}
[debug] [2024-02-13T02:34:09.413Z] Validating nodejs source
[debug] [2024-02-13T02:34:10.436Z] > [functions] package.json contents: {
  "name": "functions",
  "description": "Cloud Functions for Firebase",
  "scripts": {
    "serve": "firebase emulators:start --only functions",
    "shell": "firebase functions:shell",
    "start": "npm run shell",
    "deploy": "firebase deploy --only functions",
    "logs": "firebase functions:log"
  },
  "engines": {
    "node": "18"
  },
  "main": "index.js",
  "dependencies": {
    "cors": "^2.8.5",
    "dotenv": "^16.4.2",
    "express": "^4.18.2",
    "firebase-admin": "^11.8.0",
    "firebase-functions": "^4.3.1",
    "stripe": "^14.16.0"
  },
  "devDependencies": {
    "firebase-functions-test": "^3.1.0"
  },
  "private": true
}
[debug] [2024-02-13T02:34:10.436Z] Building nodejs source
[debug] [2024-02-13T02:34:10.436Z] Failed to find version of module node: reached end of search path C:\Users\hiwot\OneDrive\Desktop\Evangadi\Phase-4\Amazon-Clone-2024\amazon-clone\functions\node_modules
[warn] !  functions: Your requested "node" version "18" doesn't match your global version "20". Using node@20 from host. 
[info] i  functions: Loaded environment variables from .env. 
[debug] [2024-02-13T02:34:10.438Z] Could not find functions.yaml. Must use http discovery
[debug] [2024-02-13T02:34:10.444Z] Found firebase-functions binary at 'C:\Users\hiwot\OneDrive\Desktop\Evangadi\Phase-4\Amazon-Clone-2024\amazon-clone\functions\node_modules\.bin\firebase-functions'
[info] Serving at port 8902

[debug] [2024-02-13T02:34:10.834Z] Got response from /__/functions.yaml {"endpoints":{"api":{"availableMemoryMb":null,"timeoutSeconds":null,"minInstances":null,"maxInstances":null,"ingressSettings":null,"concurrency":null,"serviceAccountEmail":null,"vpc":null,"platform":"gcfv2","labels":{},"httpsTrigger":{},"entryPoint":"api"}},"specVersion":"v1alpha1","requiredAPIs":[]}
[info] +  functions: Loaded functions definitions from source: api. {"metadata":{"emulator":{"name":"functions"},"message":"Loaded functions definitions from source: api."}}
[debug] [2024-02-13T02:41:20.065Z] File C:\Users\hiwot\OneDrive\Desktop\Evangadi\Phase-4\Amazon-Clone-2024\amazon-clone\functions\index.js changed, reloading triggers {"metadata":{"emulator":{"name":"functions"},"message":"File C:\\Users\\hiwot\\OneDrive\\Desktop\\Evangadi\\Phase-4\\Amazon-Clone-2024\\amazon-clone\\functions\\index.js changed, reloading triggers"}}
[debug] [2024-02-13T02:41:21.080Z] Validating nodejs source
[debug] [2024-02-13T02:41:22.240Z] > [functions] package.json contents: {
  "name": "functions",
  "description": "Cloud Functions for Firebase",
  "scripts": {
    "serve": "firebase emulators:start --only functions",
    "shell": "firebase functions:shell",
    "start": "npm run shell",
    "deploy": "firebase deploy --only functions",
    "logs": "firebase functions:log"
  },
  "engines": {
    "node": "18"
  },
  "main": "index.js",
  "dependencies": {
    "cors": "^2.8.5",
    "dotenv": "^16.4.2",
    "express": "^4.18.2",
    "firebase-admin": "^11.8.0",
    "firebase-functions": "^4.3.1",
    "stripe": "^14.16.0"
  },
  "devDependencies": {
    "firebase-functions-test": "^3.1.0"
  },
  "private": true
}
[debug] [2024-02-13T02:41:22.240Z] Building nodejs source
[debug] [2024-02-13T02:41:22.240Z] Failed to find version of module node: reached end of search path C:\Users\hiwot\OneDrive\Desktop\Evangadi\Phase-4\Amazon-Clone-2024\amazon-clone\functions\node_modules
[warn] !  functions: Your requested "node" version "18" doesn't match your global version "20". Using node@20 from host. 
[info] i  functions: Loaded environment variables from .env. 
[debug] [2024-02-13T02:41:22.243Z] Could not find functions.yaml. Must use http discovery
[debug] [2024-02-13T02:41:22.249Z] Found firebase-functions binary at 'C:\Users\hiwot\OneDrive\Desktop\Evangadi\Phase-4\Amazon-Clone-2024\amazon-clone\functions\node_modules\.bin\firebase-functions'
[info] Serving at port 8268

[debug] [2024-02-13T02:41:22.619Z] Got response from /__/functions.yaml {"endpoints":{"api":{"availableMemoryMb":null,"timeoutSeconds":null,"minInstances":null,"maxInstances":null,"ingressSettings":null,"concurrency":null,"serviceAccountEmail":null,"vpc":null,"platform":"gcfv2","labels":{},"httpsTrigger":{},"entryPoint":"api"}},"specVersion":"v1alpha1","requiredAPIs":[]}
[info] +  functions: Loaded functions definitions from source: api. {"metadata":{"emulator":{"name":"functions"},"message":"Loaded functions definitions from source: api."}}
[debug] [2024-02-13T02:41:44.118Z] File C:\Users\hiwot\OneDrive\Desktop\Evangadi\Phase-4\Amazon-Clone-2024\amazon-clone\functions\index.js changed, reloading triggers {"metadata":{"emulator":{"name":"functions"},"message":"File C:\\Users\\hiwot\\OneDrive\\Desktop\\Evangadi\\Phase-4\\Amazon-Clone-2024\\amazon-clone\\functions\\index.js changed, reloading triggers"}}
[debug] [2024-02-13T02:41:45.132Z] Validating nodejs source
[debug] [2024-02-13T02:41:46.238Z] > [functions] package.json contents: {
  "name": "functions",
  "description": "Cloud Functions for Firebase",
  "scripts": {
    "serve": "firebase emulators:start --only functions",
    "shell": "firebase functions:shell",
    "start": "npm run shell",
    "deploy": "firebase deploy --only functions",
    "logs": "firebase functions:log"
  },
  "engines": {
    "node": "18"
  },
  "main": "index.js",
  "dependencies": {
    "cors": "^2.8.5",
    "dotenv": "^16.4.2",
    "express": "^4.18.2",
    "firebase-admin": "^11.8.0",
    "firebase-functions": "^4.3.1",
    "stripe": "^14.16.0"
  },
  "devDependencies": {
    "firebase-functions-test": "^3.1.0"
  },
  "private": true
}
[debug] [2024-02-13T02:41:46.238Z] Building nodejs source
[debug] [2024-02-13T02:41:46.238Z] Failed to find version of module node: reached end of search path C:\Users\hiwot\OneDrive\Desktop\Evangadi\Phase-4\Amazon-Clone-2024\amazon-clone\functions\node_modules
[warn] !  functions: Your requested "node" version "18" doesn't match your global version "20". Using node@20 from host. 
[info] i  functions: Loaded environment variables from .env. 
[debug] [2024-02-13T02:41:46.241Z] Could not find functions.yaml. Must use http discovery
[debug] [2024-02-13T02:41:46.245Z] Found firebase-functions binary at 'C:\Users\hiwot\OneDrive\Desktop\Evangadi\Phase-4\Amazon-Clone-2024\amazon-clone\functions\node_modules\.bin\firebase-functions'
[info] Serving at port 8299

[debug] [2024-02-13T02:41:46.657Z] Got response from /__/functions.yaml {"endpoints":{"api":{"availableMemoryMb":null,"timeoutSeconds":null,"minInstances":null,"maxInstances":null,"ingressSettings":null,"concurrency":null,"serviceAccountEmail":null,"vpc":null,"platform":"gcfv2","labels":{},"httpsTrigger":{},"entryPoint":"api"}},"specVersion":"v1alpha1","requiredAPIs":[]}
[info] +  functions: Loaded functions definitions from source: api. {"metadata":{"emulator":{"name":"functions"},"message":"Loaded functions definitions from source: api."}}
[debug] [2024-02-13T03:10:31.076Z] ----------------------------------------------------------------------
[debug] [2024-02-13T03:10:31.078Z] Command:       C:\Program Files\nodejs\node.exe C:\Users\hiwot\AppData\Roaming\npm\node_modules\firebase-tools\lib\bin\firebase.js emulators:start --only functions
[debug] [2024-02-13T03:10:31.078Z] CLI Version:   13.2.1
[debug] [2024-02-13T03:10:31.078Z] Platform:      win32
[debug] [2024-02-13T03:10:31.078Z] Node Version:  v20.10.0
[debug] [2024-02-13T03:10:31.078Z] Time:          Mon Feb 12 2024 22:10:31 GMT-0500 (Eastern Standard Time)
[debug] [2024-02-13T03:10:31.078Z] ----------------------------------------------------------------------
[debug] 
[debug] [2024-02-13T03:10:31.164Z] > command requires scopes: ["email","openid","https://www.googleapis.com/auth/cloudplatformprojects.readonly","https://www.googleapis.com/auth/firebase","https://www.googleapis.com/auth/cloud-platform"]
[debug] [2024-02-13T03:10:31.164Z] > authorizing via signed-in user (hiwotzebene2013@gmail.com)
[info] i  emulators: Starting emulators: functions {"metadata":{"emulator":{"name":"hub"},"message":"Starting emulators: functions"}}
[debug] [2024-02-13T03:10:31.171Z] [logging] Logging Emulator only supports listening on one address (127.0.0.1). Not listening on ::1
[warn] !  ui: Emulator UI unable to start on port 4000, starting on 4001 instead. {"metadata":{"emulator":{"name":"ui"},"message":"Emulator UI unable to start on port 4000, starting on 4001 instead."}}
[debug] [2024-02-13T03:10:31.172Z] assigned listening specs for emulators {"user":{"hub":[{"address":"127.0.0.1","family":"IPv4","port":4400},{"address":"::1","family":"IPv6","port":4400}],"logging":[{"address":"127.0.0.1","family":"IPv4","port":4500}],"ui":[{"address":"127.0.0.1","family":"IPv4","port":4001},{"address":"::1","family":"IPv6","port":4001}]},"metadata":{"message":"assigned listening specs for emulators"}}
[warn] !  emulators: It seems that you are running multiple instances of the emulator suite for project clone-23786. This may result in unexpected behavior. 
[debug] [2024-02-13T03:10:31.178Z] [hub] writing locator at C:\Users\hiwot\AppData\Local\Temp\hub-clone-23786.json
[debug] [2024-02-13T03:10:31.189Z] [functions] Functions Emulator only supports listening on one address (127.0.0.1). Not listening on ::1
[debug] [2024-02-13T03:10:31.189Z] [eventarc] Eventarc Emulator only supports listening on one address (127.0.0.1). Not listening on ::1
[debug] [2024-02-13T03:10:31.189Z] late-assigned ports for functions and eventarc emulators {"user":{"hub":[{"address":"127.0.0.1","family":"IPv4","port":4400},{"address":"::1","family":"IPv6","port":4400}],"logging":[{"address":"127.0.0.1","family":"IPv4","port":4500}],"ui":[{"address":"127.0.0.1","family":"IPv4","port":4001},{"address":"::1","family":"IPv6","port":4001}],"functions":[{"address":"127.0.0.1","family":"IPv4","port":5001}],"eventarc":[{"address":"127.0.0.1","family":"IPv4","port":9299}]},"metadata":{"message":"late-assigned ports for functions and eventarc emulators"}}
[warn] !  functions: The following emulators are not running, calls to these services from the Functions emulator will affect production: auth, firestore, database, hosting, pubsub, storage {"metadata":{"emulator":{"name":"functions"},"message":"The following emulators are not running, calls to these services from the Functions emulator will affect production: \u001b[1mauth, firestore, database, hosting, pubsub, storage\u001b[22m"}}
[debug] [2024-02-13T03:10:31.191Z] defaultcredentials: writing to file C:\Users\hiwot\AppData\Roaming\firebase\hiwotzebene2013_gmail_com_application_default_credentials.json
[debug] [2024-02-13T03:10:31.193Z] Setting GAC to C:\Users\hiwot\AppData\Roaming\firebase\hiwotzebene2013_gmail_com_application_default_credentials.json {"metadata":{"emulator":{"name":"functions"},"message":"Setting GAC to C:\\Users\\hiwot\\AppData\\Roaming\\firebase\\hiwotzebene2013_gmail_com_application_default_credentials.json"}}
[debug] [2024-02-13T03:10:31.194Z] >>> [apiv2][query] GET https://firebase.googleapis.com/v1beta1/projects/clone-23786/adminSdkConfig [none]
[debug] [2024-02-13T03:10:31.503Z] <<< [apiv2][status] GET https://firebase.googleapis.com/v1beta1/projects/clone-23786/adminSdkConfig 200
[debug] [2024-02-13T03:10:31.504Z] <<< [apiv2][body] GET https://firebase.googleapis.com/v1beta1/projects/clone-23786/adminSdkConfig {"projectId":"clone-23786","storageBucket":"clone-23786.appspot.com"}
[debug] [2024-02-13T03:10:31.528Z] Ignoring unsupported arg: auto_download {"metadata":{"emulator":{"name":"ui"},"message":"Ignoring unsupported arg: auto_download"}}
[debug] [2024-02-13T03:10:31.529Z] Ignoring unsupported arg: port {"metadata":{"emulator":{"name":"ui"},"message":"Ignoring unsupported arg: port"}}
[debug] [2024-02-13T03:10:31.529Z] Starting Emulator UI with command {"binary":"node","args":["C:\\Users\\hiwot\\.cache\\firebase\\emulators\\ui-v1.11.7\\server\\server.js"],"optionalArgs":[],"joinArgs":false} {"metadata":{"emulator":{"name":"ui"},"message":"Starting Emulator UI with command {\"binary\":\"node\",\"args\":[\"C:\\\\Users\\\\hiwot\\\\.cache\\\\firebase\\\\emulators\\\\ui-v1.11.7\\\\server\\\\server.js\"],\"optionalArgs\":[],\"joinArgs\":false}"}}
[info] i  ui: Emulator UI logging to ui-debug.log {"metadata":{"emulator":{"name":"ui"},"message":"Emulator UI logging to \u001b[1mui-debug.log\u001b[22m"}}
[debug] [2024-02-13T03:10:31.627Z] Web / API server started at 127.0.0.1:4001
 {"metadata":{"emulator":{"name":"ui"},"message":"Web / API server started at 127.0.0.1:4001\n"}}
[debug] [2024-02-13T03:10:31.628Z] Web / API server started at ::1:4001
 {"metadata":{"emulator":{"name":"ui"},"message":"Web / API server started at ::1:4001\n"}}
[info] i  functions: Watching "C:\Users\hiwot\OneDrive\Desktop\Evangadi\Phase-4\Amazon-Clone-2024\amazon-clone\functions" for Cloud Functions... {"metadata":{"emulator":{"name":"functions"},"message":"Watching \"C:\\Users\\hiwot\\OneDrive\\Desktop\\Evangadi\\Phase-4\\Amazon-Clone-2024\\amazon-clone\\functions\" for Cloud Functions..."}}
[debug] [2024-02-13T03:10:31.825Z] Validating nodejs source
[debug] [2024-02-13T03:10:32.906Z] > [functions] package.json contents: {
  "name": "functions",
  "description": "Cloud Functions for Firebase",
  "scripts": {
    "serve": "firebase emulators:start --only functions",
    "shell": "firebase functions:shell",
    "start": "npm run shell",
    "deploy": "firebase deploy --only functions",
    "logs": "firebase functions:log"
  },
  "engines": {
    "node": "18"
  },
  "main": "index.js",
  "dependencies": {
    "cors": "^2.8.5",
    "dotenv": "^16.4.2",
    "express": "^4.18.2",
    "firebase-admin": "^11.8.0",
    "firebase-functions": "^4.3.1",
    "stripe": "^14.16.0"
  },
  "devDependencies": {
    "firebase-functions-test": "^3.1.0"
  },
  "private": true
}
[debug] [2024-02-13T03:10:32.906Z] Building nodejs source
[debug] [2024-02-13T03:10:32.906Z] Failed to find version of module node: reached end of search path C:\Users\hiwot\OneDrive\Desktop\Evangadi\Phase-4\Amazon-Clone-2024\amazon-clone\functions\node_modules
[warn] !  functions: Your requested "node" version "18" doesn't match your global version "20". Using node@20 from host. 
[info] i  functions: Loaded environment variables from .env. 
[debug] [2024-02-13T03:10:32.910Z] Could not find functions.yaml. Must use http discovery
[debug] [2024-02-13T03:10:32.914Z] Found firebase-functions binary at 'C:\Users\hiwot\OneDrive\Desktop\Evangadi\Phase-4\Amazon-Clone-2024\amazon-clone\functions\node_modules\.bin\firebase-functions'
[info] Serving at port 8654

[debug] [2024-02-13T03:10:33.257Z] Got response from /__/functions.yaml {"endpoints":{"api":{"availableMemoryMb":null,"timeoutSeconds":null,"minInstances":null,"maxInstances":null,"ingressSettings":null,"concurrency":null,"serviceAccountEmail":null,"vpc":null,"platform":"gcfv2","labels":{},"httpsTrigger":{},"entryPoint":"api"}},"specVersion":"v1alpha1","requiredAPIs":[]}
[info] +  functions: Loaded functions definitions from source: api. {"metadata":{"emulator":{"name":"functions"},"message":"Loaded functions definitions from source: api."}}
[info] +  functions[us-central1-api]: http function initialized (http://127.0.0.1:5001/clone-23786/us-central1/api). {"metadata":{"emulator":{"name":"functions"},"message":"\u001b[1mhttp\u001b[22m function initialized (http://127.0.0.1:5001/clone-23786/us-central1/api)."}}
[info] 
┌─────────────────────────────────────────────────────────────┐
│ ✔  All emulators ready! It is now safe to connect your app. │
│ i  View Emulator UI at http://127.0.0.1:4001/               │
└─────────────────────────────────────────────────────────────┘

┌───────────┬────────────────┬─────────────────────────────────┐
│ Emulator  │ Host:Port      │ View in Emulator UI             │
├───────────┼────────────────┼─────────────────────────────────┤
│ Functions │ 127.0.0.1:5001 │ http://127.0.0.1:4001/functions │
└───────────┴────────────────┴─────────────────────────────────┘
  Emulator Hub running at 127.0.0.1:4400
  Other reserved ports: 4500

Issues? Report them at https://github.com/firebase/firebase-tools/issues and attach the *-debug.log files.
 
[debug] [2024-02-13T03:19:54.838Z] [work-queue] {"queuedWork":["/clone-23786/us-central1/api/payment/create-2024-02-13T03:19:54.838Z"],"queueLength":1,"runningWork":[],"workRunningCount":0}
[debug] [2024-02-13T03:19:54.839Z] [work-queue] {"queuedWork":[],"queueLength":0,"runningWork":["/clone-23786/us-central1/api/payment/create-2024-02-13T03:19:54.838Z"],"workRunningCount":1}
[debug] [2024-02-13T03:19:54.840Z] Accepted request POST /clone-23786/us-central1/api/payment/create?total=695 --> us-central1-api
[debug] [2024-02-13T03:19:54.848Z] [functions] Runtime ready! Sending request! {"metadata":{"emulator":{"name":"functions"},"message":"[functions] Runtime ready! Sending request!"}}
[debug] [2024-02-13T03:19:54.849Z] [functions] Got req.url=/clone-23786/us-central1/api/payment/create?total=695, mapping to path=/payment/create?total=695 {"metadata":{"emulator":{"name":"functions"},"message":"[functions] Got req.url=/clone-23786/us-central1/api/payment/create?total=695, mapping to path=/payment/create?total=695"}}
[info] i  functions: Loaded environment variables from .env. 
[debug] [2024-02-13T03:19:54.878Z] [worker-pool] addWorker(us-central1-api) {"metadata":{"emulator":{"name":"functions"},"message":"[worker-pool] addWorker(us-central1-api)"}}
[debug] [2024-02-13T03:19:54.880Z] [worker-pool] Adding worker with key us-central1-api, total=1 {"metadata":{"emulator":{"name":"functions"},"message":"[worker-pool] Adding worker with key us-central1-api, total=1"}}
[debug] [2024-02-13T03:19:55.624Z] [runtime-status] [17976] Resolved module firebase-admin {"declared":true,"installed":true,"version":"11.11.1","resolution":"C:\\Users\\hiwot\\OneDrive\\Desktop\\Evangadi\\Phase-4\\Amazon-Clone-2024\\amazon-clone\\functions\\node_modules\\firebase-admin\\lib\\index.js"} {"metadata":{"emulator":{"name":"functions"},"function":{"name":"us-central1-api"},"extension":{},"message":"[runtime-status] [17976] Resolved module firebase-admin {\"declared\":true,\"installed\":true,\"version\":\"11.11.1\",\"resolution\":\"C:\\\\Users\\\\hiwot\\\\OneDrive\\\\Desktop\\\\Evangadi\\\\Phase-4\\\\Amazon-Clone-2024\\\\amazon-clone\\\\functions\\\\node_modules\\\\firebase-admin\\\\lib\\\\index.js\"}"}}
[debug] [2024-02-13T03:19:55.625Z] [runtime-status] [17976] Resolved module firebase-functions {"declared":true,"installed":true,"version":"4.7.0","resolution":"C:\\Users\\hiwot\\OneDrive\\Desktop\\Evangadi\\Phase-4\\Amazon-Clone-2024\\amazon-clone\\functions\\node_modules\\firebase-functions\\lib\\v1\\index.js"} {"metadata":{"emulator":{"name":"functions"},"function":{"name":"us-central1-api"},"extension":{},"message":"[runtime-status] [17976] Resolved module firebase-functions {\"declared\":true,\"installed\":true,\"version\":\"4.7.0\",\"resolution\":\"C:\\\\Users\\\\hiwot\\\\OneDrive\\\\Desktop\\\\Evangadi\\\\Phase-4\\\\Amazon-Clone-2024\\\\amazon-clone\\\\functions\\\\node_modules\\\\firebase-functions\\\\lib\\\\v1\\\\index.js\"}"}}
[debug] [2024-02-13T03:19:55.625Z] [runtime-status] [17976] Outgoing network have been stubbed. [{"name":"http","status":"mocked"},{"name":"http","status":"mocked"},{"name":"https","status":"mocked"},{"name":"https","status":"mocked"},{"name":"net","status":"mocked"}] {"metadata":{"emulator":{"name":"functions"},"function":{"name":"us-central1-api"},"extension":{},"message":"[runtime-status] [17976] Outgoing network have been stubbed. [{\"name\":\"http\",\"status\":\"mocked\"},{\"name\":\"http\",\"status\":\"mocked\"},{\"name\":\"https\",\"status\":\"mocked\"},{\"name\":\"https\",\"status\":\"mocked\"},{\"name\":\"net\",\"status\":\"mocked\"}]"}}
[debug] [2024-02-13T03:19:55.626Z] [runtime-status] [17976] Resolved module firebase-functions {"declared":true,"installed":true,"version":"4.7.0","resolution":"C:\\Users\\hiwot\\OneDrive\\Desktop\\Evangadi\\Phase-4\\Amazon-Clone-2024\\amazon-clone\\functions\\node_modules\\firebase-functions\\lib\\v1\\index.js"} {"metadata":{"emulator":{"name":"functions"},"function":{"name":"us-central1-api"},"extension":{},"message":"[runtime-status] [17976] Resolved module firebase-functions {\"declared\":true,\"installed\":true,\"version\":\"4.7.0\",\"resolution\":\"C:\\\\Users\\\\hiwot\\\\OneDrive\\\\Desktop\\\\Evangadi\\\\Phase-4\\\\Amazon-Clone-2024\\\\amazon-clone\\\\functions\\\\node_modules\\\\firebase-functions\\\\lib\\\\v1\\\\index.js\"}"}}
[debug] [2024-02-13T03:19:55.795Z] [runtime-status] [17976] Checked functions.config() {"config":{}} {"metadata":{"emulator":{"name":"functions"},"function":{"name":"us-central1-api"},"extension":{},"message":"[runtime-status] [17976] Checked functions.config() {\"config\":{}}"}}
[debug] [2024-02-13T03:19:55.795Z] [runtime-status] [17976] firebase-functions has been stubbed. {"functionsResolution":{"declared":true,"installed":true,"version":"4.7.0","resolution":"C:\\Users\\hiwot\\OneDrive\\Desktop\\Evangadi\\Phase-4\\Amazon-Clone-2024\\amazon-clone\\functions\\node_modules\\firebase-functions\\lib\\v1\\index.js"}} {"metadata":{"emulator":{"name":"functions"},"function":{"name":"us-central1-api"},"extension":{},"message":"[runtime-status] [17976] firebase-functions has been stubbed. {\"functionsResolution\":{\"declared\":true,\"installed\":true,\"version\":\"4.7.0\",\"resolution\":\"C:\\\\Users\\\\hiwot\\\\OneDrive\\\\Desktop\\\\Evangadi\\\\Phase-4\\\\Amazon-Clone-2024\\\\amazon-clone\\\\functions\\\\node_modules\\\\firebase-functions\\\\lib\\\\v1\\\\index.js\"}}"}}
[debug] [2024-02-13T03:19:55.795Z] [runtime-status] [17976] Resolved module firebase-functions {"declared":true,"installed":true,"version":"4.7.0","resolution":"C:\\Users\\hiwot\\OneDrive\\Desktop\\Evangadi\\Phase-4\\Amazon-Clone-2024\\amazon-clone\\functions\\node_modules\\firebase-functions\\lib\\v1\\index.js"} {"metadata":{"emulator":{"name":"functions"},"function":{"name":"us-central1-api"},"extension":{},"message":"[runtime-status] [17976] Resolved module firebase-functions {\"declared\":true,\"installed\":true,\"version\":\"4.7.0\",\"resolution\":\"C:\\\\Users\\\\hiwot\\\\OneDrive\\\\Desktop\\\\Evangadi\\\\Phase-4\\\\Amazon-Clone-2024\\\\amazon-clone\\\\functions\\\\node_modules\\\\firebase-functions\\\\lib\\\\v1\\\\index.js\"}"}}
[debug] [2024-02-13T03:19:55.796Z] [runtime-status] [17976] Resolved module firebase-admin {"declared":true,"installed":true,"version":"11.11.1","resolution":"C:\\Users\\hiwot\\OneDrive\\Desktop\\Evangadi\\Phase-4\\Amazon-Clone-2024\\amazon-clone\\functions\\node_modules\\firebase-admin\\lib\\index.js"} {"metadata":{"emulator":{"name":"functions"},"function":{"name":"us-central1-api"},"extension":{},"message":"[runtime-status] [17976] Resolved module firebase-admin {\"declared\":true,\"installed\":true,\"version\":\"11.11.1\",\"resolution\":\"C:\\\\Users\\\\hiwot\\\\OneDrive\\\\Desktop\\\\Evangadi\\\\Phase-4\\\\Amazon-Clone-2024\\\\amazon-clone\\\\functions\\\\node_modules\\\\firebase-admin\\\\lib\\\\index.js\"}"}}
[debug] [2024-02-13T03:19:55.798Z] [runtime-status] [17976] Resolved module firebase-functions {"declared":true,"installed":true,"version":"4.7.0","resolution":"C:\\Users\\hiwot\\OneDrive\\Desktop\\Evangadi\\Phase-4\\Amazon-Clone-2024\\amazon-clone\\functions\\node_modules\\firebase-functions\\lib\\v1\\index.js"} {"metadata":{"emulator":{"name":"functions"},"function":{"name":"us-central1-api"},"extension":{},"message":"[runtime-status] [17976] Resolved module firebase-functions {\"declared\":true,\"installed\":true,\"version\":\"4.7.0\",\"resolution\":\"C:\\\\Users\\\\hiwot\\\\OneDrive\\\\Desktop\\\\Evangadi\\\\Phase-4\\\\Amazon-Clone-2024\\\\amazon-clone\\\\functions\\\\node_modules\\\\firebase-functions\\\\lib\\\\v1\\\\index.js\"}"}}
[debug] [2024-02-13T03:19:55.798Z] [runtime-status] [17976] firebase-admin has been stubbed. {"adminResolution":{"declared":true,"installed":true,"version":"11.11.1","resolution":"C:\\Users\\hiwot\\OneDrive\\Desktop\\Evangadi\\Phase-4\\Amazon-Clone-2024\\amazon-clone\\functions\\node_modules\\firebase-admin\\lib\\index.js"}} {"metadata":{"emulator":{"name":"functions"},"function":{"name":"us-central1-api"},"extension":{},"message":"[runtime-status] [17976] firebase-admin has been stubbed. {\"adminResolution\":{\"declared\":true,\"installed\":true,\"version\":\"11.11.1\",\"resolution\":\"C:\\\\Users\\\\hiwot\\\\OneDrive\\\\Desktop\\\\Evangadi\\\\Phase-4\\\\Amazon-Clone-2024\\\\amazon-clone\\\\functions\\\\node_modules\\\\firebase-admin\\\\lib\\\\index.js\"}}"}}
[debug] [2024-02-13T03:19:55.919Z] [runtime-status] [17976] Functions runtime initialized. {"cwd":"C:\\Users\\hiwot\\OneDrive\\Desktop\\Evangadi\\Phase-4\\Amazon-Clone-2024\\amazon-clone\\functions","node_version":"20.10.0"} {"metadata":{"emulator":{"name":"functions"},"function":{"name":"us-central1-api"},"extension":{},"message":"[runtime-status] [17976] Functions runtime initialized. {\"cwd\":\"C:\\\\Users\\\\hiwot\\\\OneDrive\\\\Desktop\\\\Evangadi\\\\Phase-4\\\\Amazon-Clone-2024\\\\amazon-clone\\\\functions\",\"node_version\":\"20.10.0\"}"}}
[debug] [2024-02-13T03:19:55.919Z] [runtime-status] [17976] Listening to port: \\?\pipe\fire_emu_defa32c804e71ac3 {"metadata":{"emulator":{"name":"functions"},"function":{"name":"us-central1-api"},"extension":{},"message":"[runtime-status] [17976] Listening to port: \\\\?\\pipe\\fire_emu_defa32c804e71ac3"}}
[debug] [2024-02-13T03:19:55.983Z] [worker-us-central1-api-f6c529ab-2325-4955-9a8b-927d2f9be36c]: IDLE {"metadata":{"emulator":{"name":"functions"},"function":{"name":"us-central1-api"},"extension":{},"message":"[worker-us-central1-api-f6c529ab-2325-4955-9a8b-927d2f9be36c]: IDLE"}}
[debug] [2024-02-13T03:19:55.984Z] [worker-pool] submitRequest(triggerId=us-central1-api) {"metadata":{"emulator":{"name":"functions"},"message":"[worker-pool] submitRequest(triggerId=us-central1-api)"}}
[info] i  functions: Beginning execution of "us-central1-api" {"metadata":{"emulator":{"name":"functions"},"function":{"name":"us-central1-api"},"extension":{},"message":"Beginning execution of \"us-central1-api\""}}
[debug] [2024-02-13T03:19:55.987Z] [worker-us-central1-api-f6c529ab-2325-4955-9a8b-927d2f9be36c]: BUSY {"metadata":{"emulator":{"name":"functions"},"function":{"name":"us-central1-api"},"extension":{},"message":"[worker-us-central1-api-f6c529ab-2325-4955-9a8b-927d2f9be36c]: BUSY"}}
[debug] [2024-02-13T03:19:56.458Z] Finishing up request with event=pause {"metadata":{"emulator":{"name":"functions"},"function":{"name":"us-central1-api"},"extension":{},"message":"Finishing up request with event=pause"}}
[info] i  functions: Finished "us-central1-api" in 472.3756ms {"metadata":{"emulator":{"name":"functions"},"function":{"name":"us-central1-api"},"extension":{},"message":"Finished \"us-central1-api\" in 472.3756ms"}}
[debug] [2024-02-13T03:19:56.461Z] [worker-us-central1-api-f6c529ab-2325-4955-9a8b-927d2f9be36c]: IDLE {"metadata":{"emulator":{"name":"functions"},"function":{"name":"us-central1-api"},"extension":{},"message":"[worker-us-central1-api-f6c529ab-2325-4955-9a8b-927d2f9be36c]: IDLE"}}
[debug] [2024-02-13T03:19:56.461Z] Finishing up request with event=finish {"metadata":{"emulator":{"name":"functions"},"function":{"name":"us-central1-api"},"extension":{},"message":"Finishing up request with event=finish"}}
[debug] [2024-02-13T03:19:56.462Z] Finishing up request with event=close {"metadata":{"emulator":{"name":"functions"},"function":{"name":"us-central1-api"},"extension":{},"message":"Finishing up request with event=close"}}
[debug] [2024-02-13T03:19:56.462Z] [work-queue] {"queuedWork":[],"queueLength":0,"runningWork":[],"workRunningCount":0}
[debug] [2024-02-13T03:41:05.887Z] [work-queue] {"queuedWork":["/clone-23786/us-central1/api/payment/create-2024-02-13T03:41:05.887Z"],"queueLength":1,"runningWork":[],"workRunningCount":0}
[debug] [2024-02-13T03:41:05.888Z] [work-queue] {"queuedWork":[],"queueLength":0,"runningWork":["/clone-23786/us-central1/api/payment/create-2024-02-13T03:41:05.887Z"],"workRunningCount":1}
[debug] [2024-02-13T03:41:05.888Z] Accepted request POST /clone-23786/us-central1/api/payment/create?total=69500 --> us-central1-api
[debug] [2024-02-13T03:41:05.891Z] [functions] Runtime ready! Sending request! {"metadata":{"emulator":{"name":"functions"},"message":"[functions] Runtime ready! Sending request!"}}
[debug] [2024-02-13T03:41:05.891Z] [functions] Got req.url=/clone-23786/us-central1/api/payment/create?total=69500, mapping to path=/payment/create?total=69500 {"metadata":{"emulator":{"name":"functions"},"message":"[functions] Got req.url=/clone-23786/us-central1/api/payment/create?total=69500, mapping to path=/payment/create?total=69500"}}
[debug] [2024-02-13T03:41:05.892Z] [worker-pool] submitRequest(triggerId=us-central1-api) {"metadata":{"emulator":{"name":"functions"},"message":"[worker-pool] submitRequest(triggerId=us-central1-api)"}}
[info] i  functions: Beginning execution of "us-central1-api" {"metadata":{"emulator":{"name":"functions"},"function":{"name":"us-central1-api"},"extension":{},"message":"Beginning execution of \"us-central1-api\""}}
[debug] [2024-02-13T03:41:05.892Z] [worker-us-central1-api-f6c529ab-2325-4955-9a8b-927d2f9be36c]: BUSY {"metadata":{"emulator":{"name":"functions"},"function":{"name":"us-central1-api"},"extension":{},"message":"[worker-us-central1-api-f6c529ab-2325-4955-9a8b-927d2f9be36c]: BUSY"}}
[debug] [2024-02-13T03:41:06.212Z] Finishing up request with event=pause {"metadata":{"emulator":{"name":"functions"},"function":{"name":"us-central1-api"},"extension":{},"message":"Finishing up request with event=pause"}}
[info] i  functions: Finished "us-central1-api" in 320.6387ms {"metadata":{"emulator":{"name":"functions"},"function":{"name":"us-central1-api"},"extension":{},"message":"Finished \"us-central1-api\" in 320.6387ms"}}
[debug] [2024-02-13T03:41:06.214Z] [worker-us-central1-api-f6c529ab-2325-4955-9a8b-927d2f9be36c]: IDLE {"metadata":{"emulator":{"name":"functions"},"function":{"name":"us-central1-api"},"extension":{},"message":"[worker-us-central1-api-f6c529ab-2325-4955-9a8b-927d2f9be36c]: IDLE"}}
[debug] [2024-02-13T03:41:06.214Z] Finishing up request with event=finish {"metadata":{"emulator":{"name":"functions"},"function":{"name":"us-central1-api"},"extension":{},"message":"Finishing up request with event=finish"}}
[debug] [2024-02-13T03:41:06.215Z] Finishing up request with event=close {"metadata":{"emulator":{"name":"functions"},"function":{"name":"us-central1-api"},"extension":{},"message":"Finishing up request with event=close"}}
[debug] [2024-02-13T03:41:06.215Z] [work-queue] {"queuedWork":[],"queueLength":0,"runningWork":[],"workRunningCount":0}
[debug] [2024-02-13T03:58:08.328Z] [work-queue] {"queuedWork":["/clone-23786/us-central1/api/payment/create-2024-02-13T03:58:08.328Z"],"queueLength":1,"runningWork":[],"workRunningCount":0}
[debug] [2024-02-13T03:58:08.329Z] [work-queue] {"queuedWork":[],"queueLength":0,"runningWork":["/clone-23786/us-central1/api/payment/create-2024-02-13T03:58:08.328Z"],"workRunningCount":1}
[debug] [2024-02-13T03:58:08.329Z] Accepted request POST /clone-23786/us-central1/api/payment/create?total=2230 --> us-central1-api
[debug] [2024-02-13T03:58:08.333Z] [functions] Runtime ready! Sending request! {"metadata":{"emulator":{"name":"functions"},"message":"[functions] Runtime ready! Sending request!"}}
[debug] [2024-02-13T03:58:08.333Z] [functions] Got req.url=/clone-23786/us-central1/api/payment/create?total=2230, mapping to path=/payment/create?total=2230 {"metadata":{"emulator":{"name":"functions"},"message":"[functions] Got req.url=/clone-23786/us-central1/api/payment/create?total=2230, mapping to path=/payment/create?total=2230"}}
[debug] [2024-02-13T03:58:08.333Z] [worker-pool] submitRequest(triggerId=us-central1-api) {"metadata":{"emulator":{"name":"functions"},"message":"[worker-pool] submitRequest(triggerId=us-central1-api)"}}
[info] i  functions: Beginning execution of "us-central1-api" {"metadata":{"emulator":{"name":"functions"},"function":{"name":"us-central1-api"},"extension":{},"message":"Beginning execution of \"us-central1-api\""}}
[debug] [2024-02-13T03:58:08.335Z] [worker-us-central1-api-f6c529ab-2325-4955-9a8b-927d2f9be36c]: BUSY {"metadata":{"emulator":{"name":"functions"},"function":{"name":"us-central1-api"},"extension":{},"message":"[worker-us-central1-api-f6c529ab-2325-4955-9a8b-927d2f9be36c]: BUSY"}}
[debug] [2024-02-13T03:58:08.661Z] Finishing up request with event=pause {"metadata":{"emulator":{"name":"functions"},"function":{"name":"us-central1-api"},"extension":{},"message":"Finishing up request with event=pause"}}
[info] i  functions: Finished "us-central1-api" in 326.5446ms {"metadata":{"emulator":{"name":"functions"},"function":{"name":"us-central1-api"},"extension":{},"message":"Finished \"us-central1-api\" in 326.5446ms"}}
[debug] [2024-02-13T03:58:08.663Z] [worker-us-central1-api-f6c529ab-2325-4955-9a8b-927d2f9be36c]: IDLE {"metadata":{"emulator":{"name":"functions"},"function":{"name":"us-central1-api"},"extension":{},"message":"[worker-us-central1-api-f6c529ab-2325-4955-9a8b-927d2f9be36c]: IDLE"}}
[debug] [2024-02-13T03:58:08.663Z] Finishing up request with event=finish {"metadata":{"emulator":{"name":"functions"},"function":{"name":"us-central1-api"},"extension":{},"message":"Finishing up request with event=finish"}}
[debug] [2024-02-13T03:58:08.663Z] Finishing up request with event=close {"metadata":{"emulator":{"name":"functions"},"function":{"name":"us-central1-api"},"extension":{},"message":"Finishing up request with event=close"}}
[debug] [2024-02-13T03:58:08.664Z] [work-queue] {"queuedWork":[],"queueLength":0,"runningWork":[],"workRunningCount":0}
[debug] [2024-02-13T04:16:24.776Z] [work-queue] {"queuedWork":["/clone-23786/us-central1/api/payment/create-2024-02-13T04:16:24.776Z"],"queueLength":1,"runningWork":[],"workRunningCount":0}
[debug] [2024-02-13T04:16:24.777Z] [work-queue] {"queuedWork":[],"queueLength":0,"runningWork":["/clone-23786/us-central1/api/payment/create-2024-02-13T04:16:24.776Z"],"workRunningCount":1}
[debug] [2024-02-13T04:16:24.777Z] Accepted request POST /clone-23786/us-central1/api/payment/create?total=2230 --> us-central1-api
[debug] [2024-02-13T04:16:24.782Z] [functions] Runtime ready! Sending request! {"metadata":{"emulator":{"name":"functions"},"message":"[functions] Runtime ready! Sending request!"}}
[debug] [2024-02-13T04:16:24.783Z] [functions] Got req.url=/clone-23786/us-central1/api/payment/create?total=2230, mapping to path=/payment/create?total=2230 {"metadata":{"emulator":{"name":"functions"},"message":"[functions] Got req.url=/clone-23786/us-central1/api/payment/create?total=2230, mapping to path=/payment/create?total=2230"}}
[debug] [2024-02-13T04:16:24.783Z] [worker-pool] submitRequest(triggerId=us-central1-api) {"metadata":{"emulator":{"name":"functions"},"message":"[worker-pool] submitRequest(triggerId=us-central1-api)"}}
[info] i  functions: Beginning execution of "us-central1-api" {"metadata":{"emulator":{"name":"functions"},"function":{"name":"us-central1-api"},"extension":{},"message":"Beginning execution of \"us-central1-api\""}}
[debug] [2024-02-13T04:16:24.784Z] [worker-us-central1-api-f6c529ab-2325-4955-9a8b-927d2f9be36c]: BUSY {"metadata":{"emulator":{"name":"functions"},"function":{"name":"us-central1-api"},"extension":{},"message":"[worker-us-central1-api-f6c529ab-2325-4955-9a8b-927d2f9be36c]: BUSY"}}
[debug] [2024-02-13T04:16:25.130Z] Finishing up request with event=pause {"metadata":{"emulator":{"name":"functions"},"function":{"name":"us-central1-api"},"extension":{},"message":"Finishing up request with event=pause"}}
[info] i  functions: Finished "us-central1-api" in 346.5724ms {"metadata":{"emulator":{"name":"functions"},"function":{"name":"us-central1-api"},"extension":{},"message":"Finished \"us-central1-api\" in 346.5724ms"}}
[debug] [2024-02-13T04:16:25.132Z] [worker-us-central1-api-f6c529ab-2325-4955-9a8b-927d2f9be36c]: IDLE {"metadata":{"emulator":{"name":"functions"},"function":{"name":"us-central1-api"},"extension":{},"message":"[worker-us-central1-api-f6c529ab-2325-4955-9a8b-927d2f9be36c]: IDLE"}}
[debug] [2024-02-13T04:16:25.133Z] Finishing up request with event=finish {"metadata":{"emulator":{"name":"functions"},"function":{"name":"us-central1-api"},"extension":{},"message":"Finishing up request with event=finish"}}
[debug] [2024-02-13T04:16:25.133Z] Finishing up request with event=close {"metadata":{"emulator":{"name":"functions"},"function":{"name":"us-central1-api"},"extension":{},"message":"Finishing up request with event=close"}}
[debug] [2024-02-13T04:16:25.133Z] [work-queue] {"queuedWork":[],"queueLength":0,"runningWork":[],"workRunningCount":0}
[debug] [2024-02-13T04:19:45.704Z] [work-queue] {"queuedWork":["/clone-23786/us-central1/api/payment/create-2024-02-13T04:19:45.704Z"],"queueLength":1,"runningWork":[],"workRunningCount":0}
[debug] [2024-02-13T04:19:45.704Z] [work-queue] {"queuedWork":[],"queueLength":0,"runningWork":["/clone-23786/us-central1/api/payment/create-2024-02-13T04:19:45.704Z"],"workRunningCount":1}
[debug] [2024-02-13T04:19:45.704Z] Accepted request POST /clone-23786/us-central1/api/payment/create?total=5599 --> us-central1-api
[debug] [2024-02-13T04:19:45.709Z] [functions] Runtime ready! Sending request! {"metadata":{"emulator":{"name":"functions"},"message":"[functions] Runtime ready! Sending request!"}}
[debug] [2024-02-13T04:19:45.710Z] [functions] Got req.url=/clone-23786/us-central1/api/payment/create?total=5599, mapping to path=/payment/create?total=5599 {"metadata":{"emulator":{"name":"functions"},"message":"[functions] Got req.url=/clone-23786/us-central1/api/payment/create?total=5599, mapping to path=/payment/create?total=5599"}}
[debug] [2024-02-13T04:19:45.710Z] [worker-pool] submitRequest(triggerId=us-central1-api) {"metadata":{"emulator":{"name":"functions"},"message":"[worker-pool] submitRequest(triggerId=us-central1-api)"}}
[info] i  functions: Beginning execution of "us-central1-api" {"metadata":{"emulator":{"name":"functions"},"function":{"name":"us-central1-api"},"extension":{},"message":"Beginning execution of \"us-central1-api\""}}
[debug] [2024-02-13T04:19:45.711Z] [worker-us-central1-api-f6c529ab-2325-4955-9a8b-927d2f9be36c]: BUSY {"metadata":{"emulator":{"name":"functions"},"function":{"name":"us-central1-api"},"extension":{},"message":"[worker-us-central1-api-f6c529ab-2325-4955-9a8b-927d2f9be36c]: BUSY"}}
[debug] [2024-02-13T04:19:46.058Z] Finishing up request with event=pause {"metadata":{"emulator":{"name":"functions"},"function":{"name":"us-central1-api"},"extension":{},"message":"Finishing up request with event=pause"}}
[info] i  functions: Finished "us-central1-api" in 347.3838ms {"metadata":{"emulator":{"name":"functions"},"function":{"name":"us-central1-api"},"extension":{},"message":"Finished \"us-central1-api\" in 347.3838ms"}}
[debug] [2024-02-13T04:19:46.060Z] [worker-us-central1-api-f6c529ab-2325-4955-9a8b-927d2f9be36c]: IDLE {"metadata":{"emulator":{"name":"functions"},"function":{"name":"us-central1-api"},"extension":{},"message":"[worker-us-central1-api-f6c529ab-2325-4955-9a8b-927d2f9be36c]: IDLE"}}
[debug] [2024-02-13T04:19:46.060Z] Finishing up request with event=finish {"metadata":{"emulator":{"name":"functions"},"function":{"name":"us-central1-api"},"extension":{},"message":"Finishing up request with event=finish"}}
[debug] [2024-02-13T04:19:46.060Z] Finishing up request with event=close {"metadata":{"emulator":{"name":"functions"},"function":{"name":"us-central1-api"},"extension":{},"message":"Finishing up request with event=close"}}
[debug] [2024-02-13T04:19:46.061Z] [work-queue] {"queuedWork":[],"queueLength":0,"runningWork":[],"workRunningCount":0}
[debug] [2024-02-13T04:26:28.894Z] [work-queue] {"queuedWork":["/clone-23786/us-central1/api/payment/create-2024-02-13T04:26:28.894Z"],"queueLength":1,"runningWork":[],"workRunningCount":0}
[debug] [2024-02-13T04:26:28.894Z] [work-queue] {"queuedWork":[],"queueLength":0,"runningWork":["/clone-23786/us-central1/api/payment/create-2024-02-13T04:26:28.894Z"],"workRunningCount":1}
[debug] [2024-02-13T04:26:28.894Z] Accepted request POST /clone-23786/us-central1/api/payment/create?total=6400 --> us-central1-api
[debug] [2024-02-13T04:26:28.899Z] [functions] Runtime ready! Sending request! {"metadata":{"emulator":{"name":"functions"},"message":"[functions] Runtime ready! Sending request!"}}
[debug] [2024-02-13T04:26:28.899Z] [functions] Got req.url=/clone-23786/us-central1/api/payment/create?total=6400, mapping to path=/payment/create?total=6400 {"metadata":{"emulator":{"name":"functions"},"message":"[functions] Got req.url=/clone-23786/us-central1/api/payment/create?total=6400, mapping to path=/payment/create?total=6400"}}
[debug] [2024-02-13T04:26:28.900Z] [worker-pool] submitRequest(triggerId=us-central1-api) {"metadata":{"emulator":{"name":"functions"},"message":"[worker-pool] submitRequest(triggerId=us-central1-api)"}}
[info] i  functions: Beginning execution of "us-central1-api" {"metadata":{"emulator":{"name":"functions"},"function":{"name":"us-central1-api"},"extension":{},"message":"Beginning execution of \"us-central1-api\""}}
[debug] [2024-02-13T04:26:28.901Z] [worker-us-central1-api-f6c529ab-2325-4955-9a8b-927d2f9be36c]: BUSY {"metadata":{"emulator":{"name":"functions"},"function":{"name":"us-central1-api"},"extension":{},"message":"[worker-us-central1-api-f6c529ab-2325-4955-9a8b-927d2f9be36c]: BUSY"}}
[debug] [2024-02-13T04:26:29.231Z] Finishing up request with event=pause {"metadata":{"emulator":{"name":"functions"},"function":{"name":"us-central1-api"},"extension":{},"message":"Finishing up request with event=pause"}}
[info] i  functions: Finished "us-central1-api" in 330.4257ms {"metadata":{"emulator":{"name":"functions"},"function":{"name":"us-central1-api"},"extension":{},"message":"Finished \"us-central1-api\" in 330.4257ms"}}
[debug] [2024-02-13T04:26:29.232Z] [worker-us-central1-api-f6c529ab-2325-4955-9a8b-927d2f9be36c]: IDLE {"metadata":{"emulator":{"name":"functions"},"function":{"name":"us-central1-api"},"extension":{},"message":"[worker-us-central1-api-f6c529ab-2325-4955-9a8b-927d2f9be36c]: IDLE"}}
[debug] [2024-02-13T04:26:29.233Z] Finishing up request with event=finish {"metadata":{"emulator":{"name":"functions"},"function":{"name":"us-central1-api"},"extension":{},"message":"Finishing up request with event=finish"}}
[debug] [2024-02-13T04:26:29.233Z] Finishing up request with event=close {"metadata":{"emulator":{"name":"functions"},"function":{"name":"us-central1-api"},"extension":{},"message":"Finishing up request with event=close"}}
[debug] [2024-02-13T04:26:29.233Z] [work-queue] {"queuedWork":[],"queueLength":0,"runningWork":[],"workRunningCount":0}
[debug] [2024-02-13T04:38:45.389Z] [work-queue] {"queuedWork":["/clone-23786/us-central1/api/payment/create-2024-02-13T04:38:45.388Z"],"queueLength":1,"runningWork":[],"workRunningCount":0}
[debug] [2024-02-13T04:38:45.391Z] [work-queue] {"queuedWork":[],"queueLength":0,"runningWork":["/clone-23786/us-central1/api/payment/create-2024-02-13T04:38:45.388Z"],"workRunningCount":1}
[debug] [2024-02-13T04:38:45.392Z] Accepted request POST /clone-23786/us-central1/api/payment/create?total=999 --> us-central1-api
[debug] [2024-02-13T04:38:45.396Z] [functions] Runtime ready! Sending request! {"metadata":{"emulator":{"name":"functions"},"message":"[functions] Runtime ready! Sending request!"}}
[debug] [2024-02-13T04:38:45.396Z] [functions] Got req.url=/clone-23786/us-central1/api/payment/create?total=999, mapping to path=/payment/create?total=999 {"metadata":{"emulator":{"name":"functions"},"message":"[functions] Got req.url=/clone-23786/us-central1/api/payment/create?total=999, mapping to path=/payment/create?total=999"}}
[debug] [2024-02-13T04:38:45.397Z] [worker-pool] submitRequest(triggerId=us-central1-api) {"metadata":{"emulator":{"name":"functions"},"message":"[worker-pool] submitRequest(triggerId=us-central1-api)"}}
[info] i  functions: Beginning execution of "us-central1-api" {"metadata":{"emulator":{"name":"functions"},"function":{"name":"us-central1-api"},"extension":{},"message":"Beginning execution of \"us-central1-api\""}}
[debug] [2024-02-13T04:38:45.398Z] [worker-us-central1-api-f6c529ab-2325-4955-9a8b-927d2f9be36c]: BUSY {"metadata":{"emulator":{"name":"functions"},"function":{"name":"us-central1-api"},"extension":{},"message":"[worker-us-central1-api-f6c529ab-2325-4955-9a8b-927d2f9be36c]: BUSY"}}
[debug] [2024-02-13T04:38:45.729Z] Finishing up request with event=pause {"metadata":{"emulator":{"name":"functions"},"function":{"name":"us-central1-api"},"extension":{},"message":"Finishing up request with event=pause"}}
[info] i  functions: Finished "us-central1-api" in 332.0557ms {"metadata":{"emulator":{"name":"functions"},"function":{"name":"us-central1-api"},"extension":{},"message":"Finished \"us-central1-api\" in 332.0557ms"}}
[debug] [2024-02-13T04:38:45.732Z] [worker-us-central1-api-f6c529ab-2325-4955-9a8b-927d2f9be36c]: IDLE {"metadata":{"emulator":{"name":"functions"},"function":{"name":"us-central1-api"},"extension":{},"message":"[worker-us-central1-api-f6c529ab-2325-4955-9a8b-927d2f9be36c]: IDLE"}}
[debug] [2024-02-13T04:38:45.732Z] Finishing up request with event=finish {"metadata":{"emulator":{"name":"functions"},"function":{"name":"us-central1-api"},"extension":{},"message":"Finishing up request with event=finish"}}
[debug] [2024-02-13T04:38:45.732Z] Finishing up request with event=close {"metadata":{"emulator":{"name":"functions"},"function":{"name":"us-central1-api"},"extension":{},"message":"Finishing up request with event=close"}}
[debug] [2024-02-13T04:38:45.733Z] [work-queue] {"queuedWork":[],"queueLength":0,"runningWork":[],"workRunningCount":0}
[debug] [2024-02-13T04:47:11.892Z] [work-queue] {"queuedWork":["/clone-23786/us-central1/api/payment/create-2024-02-13T04:47:11.892Z"],"queueLength":1,"runningWork":[],"workRunningCount":0}
[debug] [2024-02-13T04:47:11.893Z] [work-queue] {"queuedWork":[],"queueLength":0,"runningWork":["/clone-23786/us-central1/api/payment/create-2024-02-13T04:47:11.892Z"],"workRunningCount":1}
[debug] [2024-02-13T04:47:11.893Z] Accepted request POST /clone-23786/us-central1/api/payment/create?total=999 --> us-central1-api
[debug] [2024-02-13T04:47:11.896Z] [functions] Runtime ready! Sending request! {"metadata":{"emulator":{"name":"functions"},"message":"[functions] Runtime ready! Sending request!"}}
[debug] [2024-02-13T04:47:11.896Z] [functions] Got req.url=/clone-23786/us-central1/api/payment/create?total=999, mapping to path=/payment/create?total=999 {"metadata":{"emulator":{"name":"functions"},"message":"[functions] Got req.url=/clone-23786/us-central1/api/payment/create?total=999, mapping to path=/payment/create?total=999"}}
[debug] [2024-02-13T04:47:11.896Z] [worker-pool] submitRequest(triggerId=us-central1-api) {"metadata":{"emulator":{"name":"functions"},"message":"[worker-pool] submitRequest(triggerId=us-central1-api)"}}
[info] i  functions: Beginning execution of "us-central1-api" {"metadata":{"emulator":{"name":"functions"},"function":{"name":"us-central1-api"},"extension":{},"message":"Beginning execution of \"us-central1-api\""}}
[debug] [2024-02-13T04:47:11.897Z] [worker-us-central1-api-f6c529ab-2325-4955-9a8b-927d2f9be36c]: BUSY {"metadata":{"emulator":{"name":"functions"},"function":{"name":"us-central1-api"},"extension":{},"message":"[worker-us-central1-api-f6c529ab-2325-4955-9a8b-927d2f9be36c]: BUSY"}}
[debug] [2024-02-13T04:47:12.229Z] Finishing up request with event=pause {"metadata":{"emulator":{"name":"functions"},"function":{"name":"us-central1-api"},"extension":{},"message":"Finishing up request with event=pause"}}
[info] i  functions: Finished "us-central1-api" in 332.062ms {"metadata":{"emulator":{"name":"functions"},"function":{"name":"us-central1-api"},"extension":{},"message":"Finished \"us-central1-api\" in 332.062ms"}}
[debug] [2024-02-13T04:47:12.231Z] [worker-us-central1-api-f6c529ab-2325-4955-9a8b-927d2f9be36c]: IDLE {"metadata":{"emulator":{"name":"functions"},"function":{"name":"us-central1-api"},"extension":{},"message":"[worker-us-central1-api-f6c529ab-2325-4955-9a8b-927d2f9be36c]: IDLE"}}
[debug] [2024-02-13T04:47:12.231Z] Finishing up request with event=finish {"metadata":{"emulator":{"name":"functions"},"function":{"name":"us-central1-api"},"extension":{},"message":"Finishing up request with event=finish"}}
[debug] [2024-02-13T04:47:12.231Z] Finishing up request with event=close {"metadata":{"emulator":{"name":"functions"},"function":{"name":"us-central1-api"},"extension":{},"message":"Finishing up request with event=close"}}
[debug] [2024-02-13T04:47:12.231Z] [work-queue] {"queuedWork":[],"queueLength":0,"runningWork":[],"workRunningCount":0}
[debug] [2024-02-13T04:49:32.535Z] [work-queue] {"queuedWork":["/clone-23786/us-central1/api/payment/create-2024-02-13T04:49:32.535Z"],"queueLength":1,"runningWork":[],"workRunningCount":0}
[debug] [2024-02-13T04:49:32.536Z] [work-queue] {"queuedWork":[],"queueLength":0,"runningWork":["/clone-23786/us-central1/api/payment/create-2024-02-13T04:49:32.535Z"],"workRunningCount":1}
[debug] [2024-02-13T04:49:32.536Z] Accepted request POST /clone-23786/us-central1/api/payment/create?total=999 --> us-central1-api
[debug] [2024-02-13T04:49:32.538Z] [functions] Runtime ready! Sending request! {"metadata":{"emulator":{"name":"functions"},"message":"[functions] Runtime ready! Sending request!"}}
[debug] [2024-02-13T04:49:32.538Z] [functions] Got req.url=/clone-23786/us-central1/api/payment/create?total=999, mapping to path=/payment/create?total=999 {"metadata":{"emulator":{"name":"functions"},"message":"[functions] Got req.url=/clone-23786/us-central1/api/payment/create?total=999, mapping to path=/payment/create?total=999"}}
[debug] [2024-02-13T04:49:32.538Z] [worker-pool] submitRequest(triggerId=us-central1-api) {"metadata":{"emulator":{"name":"functions"},"message":"[worker-pool] submitRequest(triggerId=us-central1-api)"}}
[info] i  functions: Beginning execution of "us-central1-api" {"metadata":{"emulator":{"name":"functions"},"function":{"name":"us-central1-api"},"extension":{},"message":"Beginning execution of \"us-central1-api\""}}
[debug] [2024-02-13T04:49:32.539Z] [worker-us-central1-api-f6c529ab-2325-4955-9a8b-927d2f9be36c]: BUSY {"metadata":{"emulator":{"name":"functions"},"function":{"name":"us-central1-api"},"extension":{},"message":"[worker-us-central1-api-f6c529ab-2325-4955-9a8b-927d2f9be36c]: BUSY"}}
[debug] [2024-02-13T04:49:32.876Z] Finishing up request with event=pause {"metadata":{"emulator":{"name":"functions"},"function":{"name":"us-central1-api"},"extension":{},"message":"Finishing up request with event=pause"}}
[info] i  functions: Finished "us-central1-api" in 337.222ms {"metadata":{"emulator":{"name":"functions"},"function":{"name":"us-central1-api"},"extension":{},"message":"Finished \"us-central1-api\" in 337.222ms"}}
[debug] [2024-02-13T04:49:32.878Z] [worker-us-central1-api-f6c529ab-2325-4955-9a8b-927d2f9be36c]: IDLE {"metadata":{"emulator":{"name":"functions"},"function":{"name":"us-central1-api"},"extension":{},"message":"[worker-us-central1-api-f6c529ab-2325-4955-9a8b-927d2f9be36c]: IDLE"}}
[debug] [2024-02-13T04:49:32.878Z] Finishing up request with event=finish {"metadata":{"emulator":{"name":"functions"},"function":{"name":"us-central1-api"},"extension":{},"message":"Finishing up request with event=finish"}}
[debug] [2024-02-13T04:49:32.879Z] Finishing up request with event=close {"metadata":{"emulator":{"name":"functions"},"function":{"name":"us-central1-api"},"extension":{},"message":"Finishing up request with event=close"}}
[debug] [2024-02-13T04:49:32.879Z] [work-queue] {"queuedWork":[],"queueLength":0,"runningWork":[],"workRunningCount":0}
[debug] [2024-02-13T05:09:01.492Z] [work-queue] {"queuedWork":["/clone-23786/us-central1/api/payment/create-2024-02-13T05:09:01.492Z"],"queueLength":1,"runningWork":[],"workRunningCount":0}
[debug] [2024-02-13T05:09:01.493Z] [work-queue] {"queuedWork":[],"queueLength":0,"runningWork":["/clone-23786/us-central1/api/payment/create-2024-02-13T05:09:01.492Z"],"workRunningCount":1}
[debug] [2024-02-13T05:09:01.493Z] Accepted request POST /clone-23786/us-central1/api/payment/create?total=999 --> us-central1-api
[debug] [2024-02-13T05:09:01.496Z] [functions] Runtime ready! Sending request! {"metadata":{"emulator":{"name":"functions"},"message":"[functions] Runtime ready! Sending request!"}}
[debug] [2024-02-13T05:09:01.496Z] [functions] Got req.url=/clone-23786/us-central1/api/payment/create?total=999, mapping to path=/payment/create?total=999 {"metadata":{"emulator":{"name":"functions"},"message":"[functions] Got req.url=/clone-23786/us-central1/api/payment/create?total=999, mapping to path=/payment/create?total=999"}}
[debug] [2024-02-13T05:09:01.497Z] [worker-pool] submitRequest(triggerId=us-central1-api) {"metadata":{"emulator":{"name":"functions"},"message":"[worker-pool] submitRequest(triggerId=us-central1-api)"}}
[info] i  functions: Beginning execution of "us-central1-api" {"metadata":{"emulator":{"name":"functions"},"function":{"name":"us-central1-api"},"extension":{},"message":"Beginning execution of \"us-central1-api\""}}
[debug] [2024-02-13T05:09:01.498Z] [worker-us-central1-api-f6c529ab-2325-4955-9a8b-927d2f9be36c]: BUSY {"metadata":{"emulator":{"name":"functions"},"function":{"name":"us-central1-api"},"extension":{},"message":"[worker-us-central1-api-f6c529ab-2325-4955-9a8b-927d2f9be36c]: BUSY"}}
[debug] [2024-02-13T05:09:01.849Z] Finishing up request with event=pause {"metadata":{"emulator":{"name":"functions"},"function":{"name":"us-central1-api"},"extension":{},"message":"Finishing up request with event=pause"}}
[info] i  functions: Finished "us-central1-api" in 351.3487ms {"metadata":{"emulator":{"name":"functions"},"function":{"name":"us-central1-api"},"extension":{},"message":"Finished \"us-central1-api\" in 351.3487ms"}}
[debug] [2024-02-13T05:09:01.851Z] [worker-us-central1-api-f6c529ab-2325-4955-9a8b-927d2f9be36c]: IDLE {"metadata":{"emulator":{"name":"functions"},"function":{"name":"us-central1-api"},"extension":{},"message":"[worker-us-central1-api-f6c529ab-2325-4955-9a8b-927d2f9be36c]: IDLE"}}
[debug] [2024-02-13T05:09:01.851Z] Finishing up request with event=finish {"metadata":{"emulator":{"name":"functions"},"function":{"name":"us-central1-api"},"extension":{},"message":"Finishing up request with event=finish"}}
[debug] [2024-02-13T05:09:01.852Z] Finishing up request with event=close {"metadata":{"emulator":{"name":"functions"},"function":{"name":"us-central1-api"},"extension":{},"message":"Finishing up request with event=close"}}
[debug] [2024-02-13T05:09:01.852Z] [work-queue] {"queuedWork":[],"queueLength":0,"runningWork":[],"workRunningCount":0}
[debug] [2024-02-13T05:09:34.951Z] [work-queue] {"queuedWork":["/clone-23786/us-central1/api/payment/create-2024-02-13T05:09:34.951Z"],"queueLength":1,"runningWork":[],"workRunningCount":0}
[debug] [2024-02-13T05:09:34.951Z] [work-queue] {"queuedWork":[],"queueLength":0,"runningWork":["/clone-23786/us-central1/api/payment/create-2024-02-13T05:09:34.951Z"],"workRunningCount":1}
[debug] [2024-02-13T05:09:34.952Z] Accepted request POST /clone-23786/us-central1/api/payment/create?total=999 --> us-central1-api
[debug] [2024-02-13T05:09:34.955Z] [functions] Runtime ready! Sending request! {"metadata":{"emulator":{"name":"functions"},"message":"[functions] Runtime ready! Sending request!"}}
[debug] [2024-02-13T05:09:34.956Z] [functions] Got req.url=/clone-23786/us-central1/api/payment/create?total=999, mapping to path=/payment/create?total=999 {"metadata":{"emulator":{"name":"functions"},"message":"[functions] Got req.url=/clone-23786/us-central1/api/payment/create?total=999, mapping to path=/payment/create?total=999"}}
[debug] [2024-02-13T05:09:34.956Z] [worker-pool] submitRequest(triggerId=us-central1-api) {"metadata":{"emulator":{"name":"functions"},"message":"[worker-pool] submitRequest(triggerId=us-central1-api)"}}
[info] i  functions: Beginning execution of "us-central1-api" {"metadata":{"emulator":{"name":"functions"},"function":{"name":"us-central1-api"},"extension":{},"message":"Beginning execution of \"us-central1-api\""}}
[debug] [2024-02-13T05:09:34.957Z] [worker-us-central1-api-f6c529ab-2325-4955-9a8b-927d2f9be36c]: BUSY {"metadata":{"emulator":{"name":"functions"},"function":{"name":"us-central1-api"},"extension":{},"message":"[worker-us-central1-api-f6c529ab-2325-4955-9a8b-927d2f9be36c]: BUSY"}}
[debug] [2024-02-13T05:09:35.205Z] Finishing up request with event=pause {"metadata":{"emulator":{"name":"functions"},"function":{"name":"us-central1-api"},"extension":{},"message":"Finishing up request with event=pause"}}
[info] i  functions: Finished "us-central1-api" in 248.3131ms {"metadata":{"emulator":{"name":"functions"},"function":{"name":"us-central1-api"},"extension":{},"message":"Finished \"us-central1-api\" in 248.3131ms"}}
[debug] [2024-02-13T05:09:35.206Z] [worker-us-central1-api-f6c529ab-2325-4955-9a8b-927d2f9be36c]: IDLE {"metadata":{"emulator":{"name":"functions"},"function":{"name":"us-central1-api"},"extension":{},"message":"[worker-us-central1-api-f6c529ab-2325-4955-9a8b-927d2f9be36c]: IDLE"}}
[debug] [2024-02-13T05:09:35.207Z] Finishing up request with event=finish {"metadata":{"emulator":{"name":"functions"},"function":{"name":"us-central1-api"},"extension":{},"message":"Finishing up request with event=finish"}}
[debug] [2024-02-13T05:09:35.207Z] Finishing up request with event=close {"metadata":{"emulator":{"name":"functions"},"function":{"name":"us-central1-api"},"extension":{},"message":"Finishing up request with event=close"}}
[debug] [2024-02-13T05:09:35.207Z] [work-queue] {"queuedWork":[],"queueLength":0,"runningWork":[],"workRunningCount":0}
